<?xml version="1.0" encoding="UTF-8"?><testsuite errors="0" failures="0" name="com.bestbuy.productinfo.ServicesTest" skipped="0" tests="5" time="0.36" timestamp="2022-06-07T23:18:44.500+01:00[Europe/London]"><testcase classname="com.bestbuy.productinfo.ServicesTest" name="This will get all the services"/><testcase classname="com.bestbuy.productinfo.ServicesTest" name="This will create new services"/><testcase classname="com.bestbuy.productinfo.ServicesTest" name="Get single services"/><testcase classname="com.bestbuy.productinfo.ServicesTest" name="Delete services"/><testcase classname="com.bestbuy.productinfo.ServicesTest" name="Update services"/></testsuite>