<?xml version="1.0" encoding="UTF-8"?><testsuite errors="0" failures="0" name="com.bestbuy.productinfo.StoreTest" skipped="0" tests="5" time="0.24" timestamp="2022-06-07T23:18:44.901+01:00[Europe/London]"><testcase classname="com.bestbuy.productinfo.StoreTest" name="This will get all stores"/><testcase classname="com.bestbuy.productinfo.StoreTest" name="This will create new store"/><testcase classname="com.bestbuy.productinfo.StoreTest" name="Verify if the product was added to store"/><testcase classname="com.bestbuy.productinfo.StoreTest" name="Update the product information and verify the updated information"/><testcase classname="com.bestbuy.productinfo.StoreTest" name="Delete store"/></testsuite>