<?xml version="1.0" encoding="UTF-8"?><testsuite errors="0" failures="1" name="com.bestbuy.productinfo.CategoriesTest" skipped="0" tests="5" time="3.51" timestamp="2022-06-07T23:18:39.588+01:00[Europe/London]"><testcase classname="com.bestbuy.productinfo.CategoriesTest" name="This will get all categories"/><testcase classname="com.bestbuy.productinfo.CategoriesTest" name="Create new categories"/><testcase classname="com.bestbuy.productinfo.CategoriesTest" name="Verify if the categories was added to store"/><testcase classname="com.bestbuy.productinfo.CategoriesTest" name="Update the categories"/><testcase classname="com.bestbuy.productinfo.CategoriesTest" name="Delete store"><failure message="1 expectation failed.&#10;Expected status code &lt;200&gt; but was &lt;404&gt;.&#10;" type="java.lang.AssertionError">1 expectation failed.
Expected status code &lt;200&gt; but was &lt;404&gt;.
</failure><system-err>1 expectation failed.
Expected status code &lt;200&gt; but was &lt;404&gt;.
&#13;
io.restassured.internal.ResponseSpecificationImpl.validateResponseIfRequired(ResponseSpecificationImpl.groovy:636)&#13;
io.restassured.internal.ResponseSpecificationImpl.statusCode(ResponseSpecificationImpl.groovy:122)&#13;
io.restassured.internal.ResponseSpecificationImpl.statusCode(ResponseSpecificationImpl.groovy:130)&#13;
io.restassured.internal.ValidatableResponseOptionsImpl.statusCode(ValidatableResponseOptionsImpl.java:117)&#13;
com.bestbuy.productinfo.CategoriesTest.test005(CategoriesTest.java:55)&#13;
</system-err></testcase></testsuite>